<?xml version="1.0" encoding="UTF-8"?>
<!-- Generated by org.testng.reporters.JUnitReportReporter -->
<testsuite hostname="LAPTOP-B5J4QNVR" failures="0" tests="1" name="com.amazon.test.LoginPageTest" time="30.272" errors="0" timestamp="2024-04-16T16:17:53 IST" skipped="0">
  <testcase classname="com.amazon.test.LoginPageTest" name="loginTest" time="30.272"/>
</testsuite> <!-- com.amazon.test.LoginPageTest -->
