<?xml version="1.0" encoding="UTF-8"?>
<!-- Generated by org.testng.reporters.JUnitReportReporter -->
<testsuite hostname="LAPTOP-B5J4QNVR" failures="0" tests="6" name="com.amazon.test.HomePageTest" time="64.415" errors="0" timestamp="2024-04-16T14:29:35 IST" skipped="0">
  <testcase classname="com.amazon.test.HomePageTest" name="testEmployeeDistributionbySubUnitDisplayed" time="10.181"/>
  <testcase classname="com.amazon.test.HomePageTest" name="testEmployeesOnLeaveTodayWidgetDisplayed" time="11.564"/>
  <testcase classname="com.amazon.test.HomePageTest" name="testBuzzLatestPostsWidgetDisplayed" time="11.917"/>
  <testcase classname="com.amazon.test.HomePageTest" name="testMyActionsWidgetDisplayed" time="10.764"/>
  <testcase classname="com.amazon.test.HomePageTest" name="testQuickLaunchWidgetDisplayed" time="10.450"/>
  <testcase classname="com.amazon.test.HomePageTest" name="testTimeAtWorkWidgetDisplayed" time="9.539"/>
</testsuite> <!-- com.amazon.test.HomePageTest -->
